Build started 09.01.2016 5:14:33.
     1>Project "G:\coding\cheats\csgo\newCSGO_dll_03\newCSGO\newCSGO.vcxproj" on node 2 (Build target(s)).
     1>ClCompile:
         Z:\Microsoft Visual Studio 12.0\VC\bin\CL.exe /c /I"C:\Program Files (x86)\Microsoft DirectX SDK (June 2010)\Include" /I"C:\Program Files (x86)\Microsoft DirectX SDK (June 2010)\Lib\x86" /Zi /nologo /W0 /WX- /sdl /Od /Oi /Oy- /GL /D _CRT_SECURE_NO_WARNINGS /D _WINDLL /D _UNICODE /D UNICODE /Gm- /EHsc /MT /GS /Gy /arch:SSE2 /fp:precise /Zc:wchar_t /Zc:forScope /Fo"Release\\" /Fd"Release\vc120.pdb" /Gd /TP /analyze- /errorReport:prompt CDrawing.cpp CEngine.cpp CHackEsp.cpp CSGOStructs.cpp CVMTHooking.cpp HackMain.cpp Math.cpp cfn.cpp checksum_crc.cpp
         CDrawing.cpp
         CEngine.cpp
         CHackEsp.cpp
         CSGOStructs.cpp
         CVMTHooking.cpp
         HackMain.cpp
         Math.cpp
         cfn.cpp
         checksum_crc.cpp
       Link:
         Z:\Microsoft Visual Studio 12.0\VC\bin\link.exe /ERRORREPORT:PROMPT /OUT:"G:\coding\cheats\csgo\newCSGO_dll_03\Release\newCSGO.dll" /NOLOGO "C:\Program Files (x86)\Microsoft DirectX SDK (June 2010)\Lib\x86\d3d9.lib" "C:\Program Files (x86)\Microsoft DirectX SDK (June 2010)\Lib\x86\d3dx9.lib" "C:\Program Files (x86)\Microsoft DirectX SDK (June 2010)\Lib\x86\dxguid.lib" "C:\Program Files (x86)\Microsoft SDKs\Windows\v7.1A\Lib\ShLwApi.Lib" "C:\Program Files (x86)\Microsoft SDKs\Windows\v7.1A\Lib\WinMM.lib" kernel32.lib user32.lib gdi32.lib winspool.lib comdlg32.lib advapi32.lib shell32.lib ole32.lib oleaut32.lib uuid.lib odbc32.lib odbccp32.lib /MANIFEST /MANIFESTUAC:"level='asInvoker' uiAccess='false'" /manifest:embed /PDB:"G:\coding\cheats\csgo\newCSGO_dll_03\Release\newCSGO.pdb" /OPT:REF /OPT:ICF /LTCG /TLBID:1 /DYNAMICBASE /NXCOMPAT /IMPLIB:"G:\coding\cheats\csgo\newCSGO_dll_03\Release\newCSGO.lib" /MACHINE:X86 /SAFESEH:NO /DLL Release\CDrawing.obj
         Release\CEngine.obj
         Release\cfn.obj
         Release\CHackEsp.obj
         Release\checksum_crc.obj
         Release\CSGOStructs.obj
         Release\CVMTHooking.obj
         Release\HackMain.obj
         Release\Math.obj
         Generating code
         Finished generating code
         newCSGO.vcxproj -> G:\coding\cheats\csgo\newCSGO_dll_03\Release\newCSGO.dll
     1>Done Building Project "G:\coding\cheats\csgo\newCSGO_dll_03\newCSGO\newCSGO.vcxproj" (Build target(s)).

Build succeeded.

Time Elapsed 00:00:07.39
